<?xml version="1.0" encoding="UTF-8"?>
<testng-results ignored="0" total="1" passed="1" failed="0" skipped="0">
  <reporter-output>
  </reporter-output>
  <suite started-at="2021-06-06T23:48:47 IST" name="Default suite" finished-at="2021-06-06T23:49:38 IST" duration-ms="51740">
    <groups>
    </groups>
    <test started-at="2021-06-06T23:48:47 IST" name="Default test" finished-at="2021-06-06T23:49:38 IST" duration-ms="51740">
      <class name="SeleniumBasics.UploadFile">
        <test-method signature="UploadFileOnWeb()[pri:0, instance:SeleniumBasics.UploadFile@5c30a9b0]" started-at="2021-06-06T23:48:47 IST" name="UploadFileOnWeb" finished-at="2021-06-06T23:49:38 IST" duration-ms="51676" status="PASS">
          <reporter-output>
          </reporter-output>
        </test-method> <!-- UploadFileOnWeb -->
      </class> <!-- SeleniumBasics.UploadFile -->
    </test> <!-- Default test -->
  </suite> <!-- Default suite -->
</testng-results>
