<?xml version="1.0" encoding="UTF-8"?>
<!-- Generated by org.testng.reporters.JUnitXMLReporter -->
<testsuite ignored="11" hostname="LAPTOP-U34TD2DR" failures="0" tests="2" name="Test" time="0.093" errors="0" timestamp="2021-06-04T17:28:11 IST">
  <testcase classname="testNg_BasicConcept.TC1" name="test1" time="0.029"/>
  <testcase classname="testNg_BasicConcept.TC1" name="test2" time="0.002"/>
  <testcase classname="testNg_BasicConcept.FirstTestCase" name="Login" time="0.0">
    <ignored/>
  </testcase> <!-- Login -->
  <testcase classname="testNg_BasicConcept.GroupingTest" name="test2" time="0.0">
    <ignored/>
  </testcase> <!-- test2 -->
  <testcase classname="testNg_BasicConcept.GroupingTest" name="test5" time="0.0">
    <ignored/>
  </testcase> <!-- test5 -->
  <testcase classname="testNg_BasicConcept.FirstTestCase" name="setup" time="0.0">
    <ignored/>
  </testcase> <!-- setup -->
  <testcase classname="testNg_BasicConcept.GroupingTest" name="test4" time="0.0">
    <ignored/>
  </testcase> <!-- test4 -->
  <testcase classname="testNg_BasicConcept.SecondTestcase" name="setup" time="0.0">
    <ignored/>
  </testcase> <!-- setup -->
  <testcase classname="testNg_BasicConcept.SecondTestcase" name="Login" time="0.0">
    <ignored/>
  </testcase> <!-- Login -->
  <testcase classname="testNg_BasicConcept.GroupingTest" name="test3" time="0.0">
    <ignored/>
  </testcase> <!-- test3 -->
  <testcase classname="testNg_BasicConcept.SecondTestcase" name="Teardown" time="0.0">
    <ignored/>
  </testcase> <!-- Teardown -->
  <testcase classname="testNg_BasicConcept.GroupingTest" name="test1" time="0.0">
    <ignored/>
  </testcase> <!-- test1 -->
  <testcase classname="testNg_BasicConcept.FirstTestCase" name="Teardown" time="0.0">
    <ignored/>
  </testcase> <!-- Teardown -->
</testsuite> <!-- Test -->
